TN:
SF:/Users/claudiocro/Documents/workspaces/panter/mbk/test/vue-i18n-next/src/i18n.js
FN:4,(anonymous_0)
FN:19,(anonymous_1)
FN:26,(anonymous_2)
FN:30,(anonymous_3)
FN:33,(anonymous_4)
FN:37,(anonymous_5)
FN:41,(anonymous_6)
FNF:7
FNH:7
FNDA:5,(anonymous_0)
FNDA:6,(anonymous_1)
FNDA:1,(anonymous_2)
FNDA:2,(anonymous_3)
FNDA:15,(anonymous_4)
FNDA:3,(anonymous_5)
FNDA:15,(anonymous_6)
DA:5,5
DA:7,5
DA:8,5
DA:9,5
DA:11,5
DA:12,5
DA:13,4
DA:16,5
DA:20,6
DA:21,6
DA:22,6
DA:23,6
DA:24,6
DA:25,6
DA:26,1
DA:31,2
DA:34,15
DA:38,3
DA:42,15
DA:46,1
DA:47,1
DA:49,1
DA:50,0
LF:23
LH:22
BRDA:4,0,0,5
BRDA:5,1,0,5
BRDA:5,2,0,5
BRDA:11,3,0,5
BRDA:11,3,1,0
BRDA:12,4,0,4
BRDA:12,4,1,1
BRDA:12,5,0,5
BRDA:12,5,1,5
BRDA:25,6,0,1
BRDA:25,6,1,5
BRDA:49,7,0,0
BRDA:49,7,1,1
BRDA:49,8,0,1
BRDA:49,8,1,1
BRF:15
BRH:13
end_of_record
TN:
SF:/Users/claudiocro/Documents/workspaces/panter/mbk/test/vue-i18n-next/src/install.js
FN:5,install
FN:14,(anonymous_1)
FNF:2
FNH:2
FNDA:1,install
FNDA:1,(anonymous_1)
DA:6,1
DA:7,1
DA:9,1
DA:11,1
DA:14,1
DA:19,7
DA:20,7
DA:21,1
DA:22,6
DA:23,0
LF:10
LH:9
BRDA:6,0,0,0
BRDA:6,0,1,1
BRDA:20,1,0,1
BRDA:20,1,1,6
BRDA:22,2,0,0
BRDA:22,2,1,6
BRDA:22,3,0,6
BRDA:22,3,1,0
BRF:8
BRH:5
end_of_record
